{
  "stats": {
    "suites": 1,
    "tests": 2,
    "passes": 2,
    "pending": 0,
    "failures": 0,
    "start": "2023-08-30T16:48:23.211Z",
    "end": "2023-08-30T16:48:26.781Z",
    "duration": 3570,
    "testsRegistered": 2,
    "passPercent": 100,
    "pendingPercent": 0,
    "other": 0,
    "hasOther": false,
    "skipped": 0,
    "hasSkipped": false
  },
  "results": [
    {
      "uuid": "ddbd131c-7832-49ac-91f3-20078bd0ed6c",
      "title": "",
      "fullFile": "cypress\\e2e\\login-incorreto.cy.js",
      "file": "cypress\\e2e\\login-incorreto.cy.js",
      "beforeHooks": [],
      "afterHooks": [],
      "tests": [],
      "suites": [
        {
          "uuid": "ec2cd633-c533-4ee8-adbd-1301d5e7f68d",
          "title": "Página de Login",
          "fullFile": "",
          "file": "",
          "beforeHooks": [],
          "afterHooks": [],
          "tests": [
            {
              "title": "Verificar mensagem de campos obrigatórios",
              "fullTitle": "Página de Login Verificar mensagem de campos obrigatórios",
              "timedOut": null,
              "duration": 859,
              "state": "passed",
              "speed": "fast",
              "pass": true,
              "fail": false,
              "pending": false,
              "context": null,
              "code": "cy.contains('User name is required!').should('be.visible');\ncy.contains('Password is required!').should('be.visible');",
              "err": {},
              "uuid": "31a845cd-440e-4e94-8b80-83713154b727",
              "parentUUID": "ec2cd633-c533-4ee8-adbd-1301d5e7f68d",
              "isHook": false,
              "skipped": false
            },
            {
              "title": "Deve falhar mesmo com os campos preenchidos corretamente",
              "fullTitle": "Página de Login Deve falhar mesmo com os campos preenchidos corretamente",
              "timedOut": null,
              "duration": 1071,
              "state": "passed",
              "speed": "fast",
              "pass": true,
              "fail": false,
              "pending": false,
              "context": null,
              "code": "cy.login('gabrielo', 'gabriel123');\ncy.wait('@stubPost');",
              "err": {},
              "uuid": "f550f4d4-709d-46c3-8671-9aa3d45e95eb",
              "parentUUID": "ec2cd633-c533-4ee8-adbd-1301d5e7f68d",
              "isHook": false,
              "skipped": false
            }
          ],
          "suites": [],
          "passes": [
            "31a845cd-440e-4e94-8b80-83713154b727",
            "f550f4d4-709d-46c3-8671-9aa3d45e95eb"
          ],
          "failures": [],
          "pending": [],
          "skipped": [],
          "duration": 1930,
          "root": false,
          "rootEmpty": false,
          "_timeout": 2000
        }
      ],
      "passes": [],
      "failures": [],
      "pending": [],
      "skipped": [],
      "duration": 0,
      "root": true,
      "rootEmpty": true,
      "_timeout": 2000
    }
  ],
  "meta": {
    "mocha": {
      "version": "7.0.1"
    },
    "mochawesome": {
      "options": {
        "quiet": false,
        "reportFilename": "mochawesome",
        "saveHtml": true,
        "saveJson": true,
        "consoleReporter": "spec",
        "useInlineDiffs": false,
        "code": true
      },
      "version": "7.1.3"
    },
    "marge": {
      "options": null,
      "version": "6.2.0"
    }
  }
}